{"/Users/perseus/Documents/SAIT/RSS/React/last-swapi/react-swapi/src/commons/utils.ts": {"path":"/Users/perseus/Documents/SAIT/RSS/React/last-swapi/react-swapi/src/commons/utils.ts","all":false,"statementMap":{"0":{"start":{"line":1,"column":0},"end":{"line":1,"column":65}},"1":{"start":{"line":2,"column":0},"end":{"line":2,"column":59}},"2":{"start":{"line":3,"column":0},"end":{"line":3,"column":0}},"3":{"start":{"line":4,"column":0},"end":{"line":4,"column":99}},"4":{"start":{"line":5,"column":0},"end":{"line":5,"column":60}},"5":{"start":{"line":6,"column":0},"end":{"line":6,"column":0}},"6":{"start":{"line":7,"column":0},"end":{"line":7,"column":62}},"7":{"start":{"line":8,"column":0},"end":{"line":8,"column":44}},"8":{"start":{"line":9,"column":0},"end":{"line":9,"column":59}},"9":{"start":{"line":10,"column":0},"end":{"line":10,"column":2}}},"s":{"0":1,"1":3,"2":1,"3":1,"4":3,"5":1,"6":1,"7":3,"8":3,"9":3},"branchMap":{"0":{"type":"branch","line":1,"loc":{"start":{"line":1,"column":38},"end":{"line":2,"column":59}},"locations":[{"start":{"line":1,"column":38},"end":{"line":2,"column":59}}]},"1":{"type":"branch","line":4,"loc":{"start":{"line":4,"column":27},"end":{"line":5,"column":60}},"locations":[{"start":{"line":4,"column":27},"end":{"line":5,"column":60}}]},"2":{"type":"branch","line":5,"loc":{"start":{"line":5,"column":52},"end":{"line":5,"column":60}},"locations":[{"start":{"line":5,"column":52},"end":{"line":5,"column":60}}]},"3":{"type":"branch","line":7,"loc":{"start":{"line":7,"column":29},"end":{"line":10,"column":2}},"locations":[{"start":{"line":7,"column":29},"end":{"line":10,"column":2}}]},"4":{"type":"branch","line":9,"loc":{"start":{"line":9,"column":9},"end":{"line":9,"column":41}},"locations":[{"start":{"line":9,"column":9},"end":{"line":9,"column":41}}]},"5":{"type":"branch","line":9,"loc":{"start":{"line":9,"column":37},"end":{"line":9,"column":54}},"locations":[{"start":{"line":9,"column":37},"end":{"line":9,"column":54}}]},"6":{"type":"branch","line":9,"loc":{"start":{"line":9,"column":50},"end":{"line":9,"column":59}},"locations":[{"start":{"line":9,"column":50},"end":{"line":9,"column":59}}]}},"b":{"0":[3],"1":[3],"2":[1],"3":[3],"4":[2],"5":[2],"6":[1]},"fnMap":{"0":{"name":"bigNumberCommaSeparate","decl":{"start":{"line":1,"column":38},"end":{"line":2,"column":59}},"loc":{"start":{"line":1,"column":38},"end":{"line":2,"column":59}},"line":1},"1":{"name":"getUrlParam","decl":{"start":{"line":4,"column":27},"end":{"line":5,"column":60}},"loc":{"start":{"line":4,"column":27},"end":{"line":5,"column":60}},"line":4},"2":{"name":"getCurrentUrl","decl":{"start":{"line":7,"column":29},"end":{"line":10,"column":2}},"loc":{"start":{"line":7,"column":29},"end":{"line":10,"column":2}},"line":7}},"f":{"0":3,"1":3,"2":3}}
,"/Users/perseus/Documents/SAIT/RSS/React/last-swapi/react-swapi/src/components/UI/button/StyledButton.tsx": {"path":"/Users/perseus/Documents/SAIT/RSS/React/last-swapi/react-swapi/src/components/UI/button/StyledButton.tsx","all":false,"statementMap":{"0":{"start":{"line":1,"column":0},"end":{"line":1,"column":81}},"1":{"start":{"line":2,"column":0},"end":{"line":2,"column":65}},"2":{"start":{"line":3,"column":0},"end":{"line":3,"column":26}},"3":{"start":{"line":4,"column":0},"end":{"line":4,"column":45}},"4":{"start":{"line":5,"column":0},"end":{"line":5,"column":48}},"5":{"start":{"line":6,"column":0},"end":{"line":6,"column":0}},"6":{"start":{"line":7,"column":0},"end":{"line":7,"column":72}},"7":{"start":{"line":8,"column":0},"end":{"line":8,"column":71}},"8":{"start":{"line":9,"column":0},"end":{"line":9,"column":14}},"9":{"start":{"line":10,"column":0},"end":{"line":10,"column":0}},"10":{"start":{"line":11,"column":0},"end":{"line":11,"column":23}},"11":{"start":{"line":12,"column":0},"end":{"line":12,"column":18}},"12":{"start":{"line":13,"column":0},"end":{"line":13,"column":48}},"13":{"start":{"line":14,"column":0},"end":{"line":14,"column":51}},"14":{"start":{"line":15,"column":0},"end":{"line":15,"column":12}},"15":{"start":{"line":16,"column":0},"end":{"line":16,"column":18}},"16":{"start":{"line":17,"column":0},"end":{"line":17,"column":48}},"17":{"start":{"line":18,"column":0},"end":{"line":18,"column":51}},"18":{"start":{"line":19,"column":0},"end":{"line":19,"column":12}},"19":{"start":{"line":20,"column":0},"end":{"line":20,"column":18}},"20":{"start":{"line":21,"column":0},"end":{"line":21,"column":48}},"21":{"start":{"line":22,"column":0},"end":{"line":22,"column":54}},"22":{"start":{"line":23,"column":0},"end":{"line":23,"column":12}},"23":{"start":{"line":24,"column":0},"end":{"line":24,"column":3}},"24":{"start":{"line":25,"column":0},"end":{"line":25,"column":0}},"25":{"start":{"line":26,"column":0},"end":{"line":26,"column":10}},"26":{"start":{"line":27,"column":0},"end":{"line":27,"column":47}},"27":{"start":{"line":28,"column":0},"end":{"line":28,"column":26}},"28":{"start":{"line":29,"column":0},"end":{"line":29,"column":28}},"29":{"start":{"line":30,"column":0},"end":{"line":30,"column":13}},"30":{"start":{"line":31,"column":0},"end":{"line":31,"column":4}},"31":{"start":{"line":32,"column":0},"end":{"line":32,"column":2}},"32":{"start":{"line":33,"column":0},"end":{"line":33,"column":0}},"33":{"start":{"line":34,"column":0},"end":{"line":34,"column":50}},"34":{"start":{"line":35,"column":0},"end":{"line":35,"column":0}},"35":{"start":{"line":36,"column":0},"end":{"line":36,"column":146}}},"s":{"0":1,"1":1,"2":1,"3":1,"4":1,"5":1,"6":1,"7":4,"8":4,"9":4,"10":4,"11":4,"12":1,"13":1,"14":1,"15":4,"16":1,"17":1,"18":1,"19":4,"20":2,"21":2,"22":2,"23":4,"24":4,"25":4,"26":4,"27":4,"28":4,"29":4,"30":4,"31":4,"32":1,"33":1,"34":1,"35":1},"branchMap":{"0":{"type":"branch","line":7,"loc":{"start":{"line":7,"column":18},"end":{"line":32,"column":2}},"locations":[{"start":{"line":7,"column":18},"end":{"line":32,"column":2}}]},"1":{"type":"branch","line":8,"loc":{"start":{"line":8,"column":20},"end":{"line":8,"column":52}},"locations":[{"start":{"line":8,"column":20},"end":{"line":8,"column":52}}]},"2":{"type":"branch","line":8,"loc":{"start":{"line":8,"column":39},"end":{"line":8,"column":71}},"locations":[{"start":{"line":8,"column":39},"end":{"line":8,"column":71}}]},"3":{"type":"branch","line":12,"loc":{"start":{"line":12,"column":4},"end":{"line":15,"column":12}},"locations":[{"start":{"line":12,"column":4},"end":{"line":15,"column":12}}]},"4":{"type":"branch","line":16,"loc":{"start":{"line":16,"column":4},"end":{"line":19,"column":12}},"locations":[{"start":{"line":16,"column":4},"end":{"line":19,"column":12}}]},"5":{"type":"branch","line":20,"loc":{"start":{"line":20,"column":4},"end":{"line":23,"column":12}},"locations":[{"start":{"line":20,"column":4},"end":{"line":23,"column":12}}]},"6":{"type":"branch","line":29,"loc":{"start":{"line":29,"column":7},"end":{"line":29,"column":28}},"locations":[{"start":{"line":29,"column":7},"end":{"line":29,"column":28}}]}},"b":{"0":[4],"1":[1],"2":[3],"3":[1],"4":[1],"5":[2],"6":[1]},"fnMap":{"0":{"name":"StyledBtn","decl":{"start":{"line":7,"column":18},"end":{"line":32,"column":2}},"loc":{"start":{"line":7,"column":18},"end":{"line":32,"column":2}},"line":7}},"f":{"0":4}}
,"/Users/perseus/Documents/SAIT/RSS/React/last-swapi/react-swapi/src/components/UI/input/StyledInput.tsx": {"path":"/Users/perseus/Documents/SAIT/RSS/React/last-swapi/react-swapi/src/components/UI/input/StyledInput.tsx","all":false,"statementMap":{"0":{"start":{"line":1,"column":0},"end":{"line":1,"column":26}},"1":{"start":{"line":2,"column":0},"end":{"line":2,"column":44}},"2":{"start":{"line":3,"column":0},"end":{"line":3,"column":47}},"3":{"start":{"line":4,"column":0},"end":{"line":4,"column":0}},"4":{"start":{"line":5,"column":0},"end":{"line":5,"column":70}},"5":{"start":{"line":6,"column":0},"end":{"line":6,"column":45}},"6":{"start":{"line":7,"column":0},"end":{"line":7,"column":48}},"7":{"start":{"line":8,"column":0},"end":{"line":8,"column":0}},"8":{"start":{"line":9,"column":0},"end":{"line":9,"column":44}},"9":{"start":{"line":10,"column":0},"end":{"line":10,"column":47}},"10":{"start":{"line":11,"column":0},"end":{"line":11,"column":0}},"11":{"start":{"line":12,"column":0},"end":{"line":12,"column":10}},"12":{"start":{"line":13,"column":0},"end":{"line":13,"column":6}},"13":{"start":{"line":14,"column":0},"end":{"line":14,"column":58}},"14":{"start":{"line":15,"column":0},"end":{"line":15,"column":20}},"15":{"start":{"line":16,"column":0},"end":{"line":16,"column":12}},"16":{"start":{"line":17,"column":0},"end":{"line":17,"column":60}},"17":{"start":{"line":18,"column":0},"end":{"line":18,"column":7}},"18":{"start":{"line":19,"column":0},"end":{"line":19,"column":4}},"19":{"start":{"line":20,"column":0},"end":{"line":20,"column":2}},"20":{"start":{"line":21,"column":0},"end":{"line":21,"column":0}},"21":{"start":{"line":22,"column":0},"end":{"line":22,"column":49}}},"s":{"0":1,"1":1,"2":1,"3":1,"4":1,"5":4,"6":4,"7":4,"8":4,"9":4,"10":4,"11":4,"12":4,"13":4,"14":4,"15":4,"16":4,"17":4,"18":4,"19":4,"20":1,"21":1},"branchMap":{"0":{"type":"branch","line":5,"loc":{"start":{"line":5,"column":18},"end":{"line":20,"column":2}},"locations":[{"start":{"line":5,"column":18},"end":{"line":20,"column":2}}]},"1":{"type":"branch","line":7,"loc":{"start":{"line":7,"column":15},"end":{"line":7,"column":48}},"locations":[{"start":{"line":7,"column":15},"end":{"line":7,"column":48}}]},"2":{"type":"branch","line":10,"loc":{"start":{"line":10,"column":15},"end":{"line":10,"column":47}},"locations":[{"start":{"line":10,"column":15},"end":{"line":10,"column":47}}]}},"b":{"0":[4],"1":[3],"2":[3]},"fnMap":{"0":{"name":"StyledInp","decl":{"start":{"line":5,"column":18},"end":{"line":20,"column":2}},"loc":{"start":{"line":5,"column":18},"end":{"line":20,"column":2}},"line":5}},"f":{"0":4}}
,"/Users/perseus/Documents/SAIT/RSS/React/last-swapi/react-swapi/src/components/UI/loader/Loader.tsx": {"path":"/Users/perseus/Documents/SAIT/RSS/React/last-swapi/react-swapi/src/components/UI/loader/Loader.tsx","all":false,"statementMap":{"0":{"start":{"line":1,"column":0},"end":{"line":1,"column":26}},"1":{"start":{"line":2,"column":0},"end":{"line":2,"column":42}},"2":{"start":{"line":3,"column":0},"end":{"line":3,"column":0}},"3":{"start":{"line":4,"column":0},"end":{"line":4,"column":95}},"4":{"start":{"line":5,"column":0},"end":{"line":5,"column":0}},"5":{"start":{"line":6,"column":0},"end":{"line":6,"column":41}}},"s":{"0":1,"1":1,"2":1,"3":1,"4":1,"5":1},"branchMap":{"0":{"type":"branch","line":4,"loc":{"start":{"line":4,"column":15},"end":{"line":4,"column":95}},"locations":[{"start":{"line":4,"column":15},"end":{"line":4,"column":95}}]}},"b":{"0":[1]},"fnMap":{"0":{"name":"loader","decl":{"start":{"line":4,"column":15},"end":{"line":4,"column":95}},"loc":{"start":{"line":4,"column":15},"end":{"line":4,"column":95}},"line":4}},"f":{"0":1}}
}
